<?xml version="1.0" encoding="UTF-8"?>
<testng-results ignored="0" total="1" passed="1" failed="0" skipped="0">
  <reporter-output>
  </reporter-output>
  <suite started-at="2021-12-11T16:46:55 EET" name="Suite" finished-at="2021-12-11T16:47:02 EET" duration-ms="6944">
    <groups>
    </groups>
    <test started-at="2021-12-11T16:46:55 EET" name="Test" finished-at="2021-12-11T16:47:02 EET" duration-ms="6944">
      <class name="basictrackingscenario.GitDemo">
        <test-method is-config="true" signature="datasetup()[pri:0, instance:basictrackingscenario.GitDemo@5e0826e7]" started-at="2021-12-11T16:46:55 EET" name="datasetup" finished-at="2021-12-11T16:46:57 EET" duration-ms="2783" status="PASS">
          <reporter-output>
          </reporter-output>
        </test-method> <!-- datasetup -->
        <test-method signature="login()[pri:0, instance:basictrackingscenario.GitDemo@5e0826e7]" started-at="2021-12-11T16:46:57 EET" name="login" finished-at="2021-12-11T16:47:01 EET" duration-ms="3864" status="PASS">
          <reporter-output>
          </reporter-output>
        </test-method> <!-- login -->
        <test-method is-config="true" signature="commondatacleanup()[pri:0, instance:basictrackingscenario.GitDemo@5e0826e7]" started-at="2021-12-11T16:47:01 EET" name="commondatacleanup" finished-at="2021-12-11T16:47:02 EET" duration-ms="260" status="PASS">
          <reporter-output>
          </reporter-output>
        </test-method> <!-- commondatacleanup -->
      </class> <!-- basictrackingscenario.GitDemo -->
    </test> <!-- Test -->
  </suite> <!-- Suite -->
</testng-results>
